生成启动时间为 2020/8/5 16:36:31。
     1>项目“D:\Documents\Visual Studio 2013\Projects\项目相关\p2p\p2p\p2p.vcxproj”在节点 2 上(Build 个目标)。
     1>ClCompile:
         E:\AE\VC\bin\CL.exe /c /I"F:\比特科技\boost_1_72_0" /I"F:\比特科技\boost_1_72_0\boost" /ZI /nologo /W3 /WX- /sdl /Od /Oy- /D _MBCS /Gm /EHsc /RTC1 /MDd /GS /fp:precise /Zc:wchar_t /Zc:forScope /Fo"Debug\\" /Fd"Debug\vc120.pdb" /Gd /TP /analyze- /errorReport:prompt main.cpp
         main.cpp
     1>d:\documents\visual studio 2013\projects\项目相关\p2p\p2p\util.hpp(160): warning C4244: “参数”: 从“int64_t”转换到“unsigned int”，可能丢失数据
     1>d:\documents\visual studio 2013\projects\项目相关\p2p\p2p\util.hpp(169): warning C4244: “参数”: 从“int64_t”转换到“size_t”，可能丢失数据
     1>d:\documents\visual studio 2013\projects\项目相关\p2p\p2p\util.hpp(250): warning C4244: “初始化”: 从“uint64_t”转换到“unsigned int”，可能丢失数据
     1>d:\documents\visual studio 2013\projects\项目相关\p2p\p2p\httplib.h(1419): warning C4244: “参数”: 从“uint64_t”转换到“size_t”，可能丢失数据
     1>d:\documents\visual studio 2013\projects\项目相关\p2p\p2p\httplib.h(1441): warning C4244: “参数”: 从“uint64_t”转换到“unsigned int”，可能丢失数据
     1>d:\documents\visual studio 2013\projects\项目相关\p2p\p2p\httplib.h(1751): warning C4244: “参数”: 从“uint64_t”转换到“unsigned int”，可能丢失数据
     1>d:\documents\visual studio 2013\projects\项目相关\p2p\p2p\httplib.h(2100): warning C4244: “=”: 从“uint64_t”转换到“size_t”，可能丢失数据
     1>d:\documents\visual studio 2013\projects\项目相关\p2p\p2p\httplib.h(2227): warning C4244: “参数”: 从“unsigned __int64”转换到“unsigned int”，可能丢失数据
     1>d:\documents\visual studio 2013\projects\项目相关\p2p\p2p\client.hpp(80): warning C4018: “<”: 有符号/无符号不匹配
     1>d:\documents\visual studio 2013\projects\项目相关\p2p\p2p\client.hpp(125): warning C4018: “<”: 有符号/无符号不匹配
     1>d:\documents\visual studio 2013\projects\项目相关\p2p\p2p\client.hpp(141): warning C4018: “<”: 有符号/无符号不匹配
     1>d:\documents\visual studio 2013\projects\项目相关\p2p\p2p\client.hpp(158): warning C4018: “<”: 有符号/无符号不匹配
     1>d:\documents\visual studio 2013\projects\项目相关\p2p\p2p\client.hpp(170): error C2065: “endl”: 未声明的标识符
     1>d:\documents\visual studio 2013\projects\项目相关\p2p\p2p\client.hpp(251): warning C4244: “初始化”: 从“int64_t”转换到“int”，可能丢失数据
     1>d:\documents\visual studio 2013\projects\项目相关\p2p\p2p\client.hpp(638): warning C4244: “参数”: 从“int64_t”转换到“int”，可能丢失数据
     1>已完成生成项目“D:\Documents\Visual Studio 2013\Projects\项目相关\p2p\p2p\p2p.vcxproj”(Build 个目标)的操作 - 失败。

生成失败。

已用时间 00:00:01.44
